[debug] [2021-04-13T17:08:11.769Z] ----------------------------------------------------------------------
[debug] [2021-04-13T17:08:11.770Z] Command:       /Users/joshuakim/.nvm/versions/node/v14.0.0/bin/node /Users/joshuakim/.nvm/versions/node/v14.0.0/bin/firebase emulators:start
[debug] [2021-04-13T17:08:11.771Z] CLI Version:   9.9.0
[debug] [2021-04-13T17:08:11.771Z] Platform:      darwin
[debug] [2021-04-13T17:08:11.771Z] Node Version:  v14.0.0
[debug] [2021-04-13T17:08:11.772Z] Time:          Tue Apr 13 2021 13:08:11 GMT-0400 (Eastern Daylight Time)
[debug] [2021-04-13T17:08:11.772Z] ----------------------------------------------------------------------
[debug] 
[debug] [2021-04-13T17:08:11.776Z] > command requires scopes: ["email","openid","https://www.googleapis.com/auth/cloudplatformprojects.readonly","https://www.googleapis.com/auth/firebase","https://www.googleapis.com/auth/cloud-platform"]
[debug] [2021-04-13T17:08:11.776Z] > authorizing via signed-in user (jykim92@gmail.com)
[info] i  emulators: Starting emulators: hosting {"metadata":{"emulator":{"name":"hub"},"message":"Starting emulators: hosting"}}
[debug] [2021-04-13T17:08:11.793Z] [hub] writing locator at /var/folders/zr/6trhl90964v06_5h6grzhtp40000gn/T/hub-personal-website-99467.json
[debug] [2021-04-13T17:08:11.806Z] > refreshing access token with scopes: []
[debug] [2021-04-13T17:08:11.807Z] >>> HTTP REQUEST POST https://www.googleapis.com/oauth2/v3/token  
 <request body omitted>
[debug] [2021-04-13T17:08:11.895Z] <<< HTTP RESPONSE 200 {"pragma":"no-cache","date":"Tue, 13 Apr 2021 17:08:11 GMT","expires":"Mon, 01 Jan 1990 00:00:00 GMT","cache-control":"no-cache, no-store, max-age=0, must-revalidate","content-type":"application/json; charset=utf-8","vary":"X-Origin, Referer, Origin,Accept-Encoding","server":"scaffolding on HTTPServer2","x-xss-protection":"0","x-frame-options":"SAMEORIGIN","x-content-type-options":"nosniff","alt-svc":"h3-29=\":443\"; ma=2592000,h3-T051=\":443\"; ma=2592000,h3-Q050=\":443\"; ma=2592000,h3-Q046=\":443\"; ma=2592000,h3-Q043=\":443\"; ma=2592000,quic=\":443\"; ma=2592000; v=\"46,43\"","accept-ranges":"none","transfer-encoding":"chunked"}
[debug] [2021-04-13T17:08:11.954Z] >>> [apiv2][query] GET https://firebase.googleapis.com/v1beta1/projects/personal-website-99467/webApps/-/config [none]
[debug] [2021-04-13T17:08:12.356Z] <<< [apiv2][status] GET https://firebase.googleapis.com/v1beta1/projects/personal-website-99467/webApps/-/config 200
[debug] [2021-04-13T17:08:12.356Z] <<< [apiv2][body] GET https://firebase.googleapis.com/v1beta1/projects/personal-website-99467/webApps/-/config {"projectId":"personal-website-99467","databaseURL":"https://personal-website-99467.firebaseio.com","storageBucket":"personal-website-99467.appspot.com","apiKey":"AIzaSyDxNwKqvr8PCxkkDv2WZ28jZpqSA7ss-us","authDomain":"personal-website-99467.firebaseapp.com","messagingSenderId":"597415192913"}
[info] i  hosting: Serving hosting files from: build {"metadata":{"emulator":{"name":"hosting"},"message":"Serving hosting files from: \u001b[1mbuild\u001b[22m"}}
[info] ✔  hosting: Local server: http://localhost:5000 {"metadata":{"emulator":{"name":"hosting"},"message":"Local server: \u001b[4m\u001b[1mhttp://localhost:5000\u001b[22m\u001b[24m"}}
[warn] ⚠  emulators: The Emulator UI requires a project ID to start. Configure your default project with 'firebase use' or pass the --project flag. {"metadata":{"emulator":{"name":"hub"},"message":"The Emulator UI requires a project ID to start. Configure your default project with 'firebase use' or pass the --project flag."}}
[info] 
┌─────────────────────────────────────────────────────────────┐
│ ✔  All emulators ready! It is now safe to connect your app. │
└─────────────────────────────────────────────────────────────┘

┌──────────┬────────────────┐
│ Emulator │ Host:Port      │
├──────────┼────────────────┤
│ Hosting  │ localhost:5000 │
└──────────┴────────────────┘
  Emulator Hub running at localhost:4400
  Other reserved ports: None

Issues? Report them at https://github.com/firebase/firebase-tools/issues and attach the *-debug.log files.
 
[info] i  hosting: 127.0.0.1 - - [13/Apr/2021:17:08:19 +0000] "GET / HTTP/1.1" 200 4526 "-" "Mozilla/5.0 (Macintosh; Intel Mac OS X 11_2_3) AppleWebKit/537.36 (KHTML, like Gecko) Chrome/89.0.4389.114 Safari/537.36" {"metadata":{"emulator":{"name":"hosting"},"message":"127.0.0.1 - - [13/Apr/2021:17:08:19 +0000] \"GET / HTTP/1.1\" 200 4526 \"-\" \"Mozilla/5.0 (Macintosh; Intel Mac OS X 11_2_3) AppleWebKit/537.36 (KHTML, like Gecko) Chrome/89.0.4389.114 Safari/537.36\""}}
[info] i  hosting: 127.0.0.1 - - [13/Apr/2021:17:08:19 +0000] "GET /__/firebase/init.js?useEmulator=true HTTP/1.1" 200 - "http://localhost:5000/" "Mozilla/5.0 (Macintosh; Intel Mac OS X 11_2_3) AppleWebKit/537.36 (KHTML, like Gecko) Chrome/89.0.4389.114 Safari/537.36" {"metadata":{"emulator":{"name":"hosting"},"message":"127.0.0.1 - - [13/Apr/2021:17:08:19 +0000] \"GET /__/firebase/init.js?useEmulator=true HTTP/1.1\" 200 - \"http://localhost:5000/\" \"Mozilla/5.0 (Macintosh; Intel Mac OS X 11_2_3) AppleWebKit/537.36 (KHTML, like Gecko) Chrome/89.0.4389.114 Safari/537.36\""}}
[info] i  hosting: 127.0.0.1 - - [13/Apr/2021:17:08:19 +0000] "GET /favicon.ico HTTP/1.1" 200 1149 "http://localhost:5000/" "Mozilla/5.0 (Macintosh; Intel Mac OS X 11_2_3) AppleWebKit/537.36 (KHTML, like Gecko) Chrome/89.0.4389.114 Safari/537.36" {"metadata":{"emulator":{"name":"hosting"},"message":"127.0.0.1 - - [13/Apr/2021:17:08:19 +0000] \"GET /favicon.ico HTTP/1.1\" 200 1149 \"http://localhost:5000/\" \"Mozilla/5.0 (Macintosh; Intel Mac OS X 11_2_3) AppleWebKit/537.36 (KHTML, like Gecko) Chrome/89.0.4389.114 Safari/537.36\""}}
